[debug] [2026-02-12T20:50:33.847Z] ----------------------------------------------------------------------
[debug] [2026-02-12T20:50:33.849Z] Command:       C:\Program Files\nodejs\node.exe C:\Users\Lenovo\AppData\Roaming\npm\node_modules\firebase-tools\lib\bin\firebase.js deploy --only functions
[debug] [2026-02-12T20:50:33.850Z] CLI Version:   14.26.0
[debug] [2026-02-12T20:50:33.850Z] Platform:      win32
[debug] [2026-02-12T20:50:33.850Z] Node Version:  v22.14.0
[debug] [2026-02-12T20:50:33.850Z] Time:          Thu Feb 12 2026 15:50:33 GMT-0500 (hora estándar de Colombia)
[debug] [2026-02-12T20:50:33.850Z] ----------------------------------------------------------------------
[debug] 
[debug] [2026-02-12T20:50:34.051Z] > command requires scopes: ["email","openid","https://www.googleapis.com/auth/cloudplatformprojects.readonly","https://www.googleapis.com/auth/firebase","https://www.googleapis.com/auth/cloud-platform"]
[debug] [2026-02-12T20:50:34.051Z] > authorizing via signed-in user (appchys.ec@gmail.com)
[debug] [2026-02-12T20:50:34.051Z] [iam] checking project multitienda-69778 for permissions ["cloudfunctions.functions.create","cloudfunctions.functions.delete","cloudfunctions.functions.get","cloudfunctions.functions.list","cloudfunctions.functions.update","cloudfunctions.operations.get","firebase.projects.get"]
[debug] [2026-02-12T20:50:34.052Z] Checked if tokens are valid: false, expires at: 1770930154041
[debug] [2026-02-12T20:50:34.052Z] Checked if tokens are valid: false, expires at: 1770930154041
[debug] [2026-02-12T20:50:34.052Z] > refreshing access token with scopes: []
[debug] [2026-02-12T20:50:34.054Z] >>> [apiv2][query] POST https://www.googleapis.com/oauth2/v3/token [none]
[debug] [2026-02-12T20:50:34.054Z] >>> [apiv2][body] POST https://www.googleapis.com/oauth2/v3/token [omitted]
[debug] [2026-02-12T20:50:34.342Z] <<< [apiv2][status] POST https://www.googleapis.com/oauth2/v3/token 200
[debug] [2026-02-12T20:50:34.343Z] <<< [apiv2][body] POST https://www.googleapis.com/oauth2/v3/token [omitted]
[debug] [2026-02-12T20:50:34.349Z] >>> [apiv2][query] POST https://cloudresourcemanager.googleapis.com/v1/projects/multitienda-69778:testIamPermissions [none]
[debug] [2026-02-12T20:50:34.349Z] >>> [apiv2][(partial)header] POST https://cloudresourcemanager.googleapis.com/v1/projects/multitienda-69778:testIamPermissions x-goog-quota-user=projects/multitienda-69778
[debug] [2026-02-12T20:50:34.349Z] >>> [apiv2][body] POST https://cloudresourcemanager.googleapis.com/v1/projects/multitienda-69778:testIamPermissions {"permissions":["cloudfunctions.functions.create","cloudfunctions.functions.delete","cloudfunctions.functions.get","cloudfunctions.functions.list","cloudfunctions.functions.update","cloudfunctions.operations.get","firebase.projects.get"]}
[debug] [2026-02-12T20:50:34.993Z] <<< [apiv2][status] POST https://cloudresourcemanager.googleapis.com/v1/projects/multitienda-69778:testIamPermissions 200
[debug] [2026-02-12T20:50:34.993Z] <<< [apiv2][body] POST https://cloudresourcemanager.googleapis.com/v1/projects/multitienda-69778:testIamPermissions {"permissions":["cloudfunctions.functions.create","cloudfunctions.functions.delete","cloudfunctions.functions.get","cloudfunctions.functions.list","cloudfunctions.functions.update","cloudfunctions.operations.get","firebase.projects.get"]}
[debug] [2026-02-12T20:50:34.994Z] Checked if tokens are valid: true, expires at: 1770933033343
[debug] [2026-02-12T20:50:34.994Z] Checked if tokens are valid: true, expires at: 1770933033343
[debug] [2026-02-12T20:50:34.994Z] >>> [apiv2][query] POST https://iam.googleapis.com/v1/projects/multitienda-69778/serviceAccounts/multitienda-69778@appspot.gserviceaccount.com:testIamPermissions [none]
[debug] [2026-02-12T20:50:34.994Z] >>> [apiv2][body] POST https://iam.googleapis.com/v1/projects/multitienda-69778/serviceAccounts/multitienda-69778@appspot.gserviceaccount.com:testIamPermissions {"permissions":["iam.serviceAccounts.actAs"]}
